c:\users\hiroki\desktop\myshooting_0522\project\debug\vc141.pdb
c:\users\hiroki\desktop\myshooting_0522\project\debug\vc141.idb
c:\users\hiroki\desktop\myshooting_0522\project\debug\directinput.obj
c:\users\hiroki\desktop\myshooting_0522\project\debug\directsound.obj
c:\users\hiroki\desktop\myshooting_0522\project\debug\camera.obj
c:\users\hiroki\desktop\myshooting_0522\project\debug\collision.obj
c:\users\hiroki\desktop\myshooting_0522\project\debug\fpsmanager.obj
c:\users\hiroki\desktop\myshooting_0522\project\debug\gameengine.obj
c:\users\hiroki\desktop\myshooting_0522\project\debug\input.obj
c:\users\hiroki\desktop\myshooting_0522\project\debug\inputengine.obj
c:\users\hiroki\desktop\myshooting_0522\project\debug\staticmesh.obj
c:\users\hiroki\desktop\myshooting_0522\project\debug\application.obj
c:\users\hiroki\desktop\myshooting_0522\project\debug\gamemanager.obj
c:\users\hiroki\desktop\myshooting_0522\project\debug\enemy.obj
c:\users\hiroki\desktop\myshooting_0522\project\debug\player.obj
c:\users\hiroki\desktop\myshooting_0522\project\debug\playerbullet.obj
c:\users\hiroki\desktop\myshooting_0522\project\debug\stageobject.obj
c:\users\hiroki\desktop\myshooting_0522\project\debug\textloader.obj
c:\users\hiroki\desktop\myshooting_0522\project\debug\winmain.obj
c:\users\hiroki\desktop\myshooting_0522\project\debug\direct3d.obj
c:\users\hiroki\desktop\myshooting_0522\debug\2dtexture.cso
c:\users\hiroki\desktop\myshooting_0522\debug\mygame.ilk
c:\users\hiroki\desktop\myshooting_0522\debug\mygame.exe
c:\users\hiroki\desktop\myshooting_0522\debug\mygame.pdb
c:\users\hiroki\desktop\myshooting\project\debug\mygame.tlog\cl.command.1.tlog
c:\users\hiroki\desktop\myshooting\project\debug\mygame.tlog\cl.read.1.tlog
c:\users\hiroki\desktop\myshooting\project\debug\mygame.tlog\cl.write.1.tlog
c:\users\hiroki\desktop\myshooting\project\debug\mygame.tlog\fxc.command.1.tlog
c:\users\hiroki\desktop\myshooting\project\debug\mygame.tlog\fxc.read.1.tlog
c:\users\hiroki\desktop\myshooting\project\debug\mygame.tlog\fxc.write.1.tlog
c:\users\hiroki\desktop\myshooting\project\debug\mygame.tlog\link.command.1.tlog
c:\users\hiroki\desktop\myshooting\project\debug\mygame.tlog\link.read.1.tlog
c:\users\hiroki\desktop\myshooting\project\debug\mygame.tlog\link.write.1.tlog
c:\users\hiroki\desktop\myshooting\project\debug\mygame.tlog\mygame.write.1u.tlog
