  compilation object save succeeded; see C:\Users\hiroki\Desktop\myShooting\Debug\2DTexture.cso
  WinMain.cpp
  TextLoader.cpp
  StageObject.cpp
  PlayerBullet.cpp
  Player.cpp
  Enemy.cpp
  GameManager.cpp
  StaticMesh.cpp
  InputEngine.cpp
  Input.cpp
  GameEngine.cpp
c:\users\hiroki\desktop\myshooting\source\engine\gameengine.cpp(74): warning C4473: 'swprintf_s': 書式文字列として渡された引数が不足しています
  c:\users\hiroki\desktop\myshooting\source\engine\gameengine.cpp(74): note: プレースホルダーとそのパラメーターには 1 の可変個引数が必要ですが、0 が指定されています。
  c:\users\hiroki\desktop\myshooting\source\engine\gameengine.cpp(74): note: 不足している可変個引数 1 が書式文字列 '%f' に必要です
  FPSManager.cpp
  Collision.cpp
  Camera.cpp
  DirectSound.cpp
  DirectInput.cpp
  Direct3D.cpp
  コードを生成中...
  MyPG.vcxproj -> C:\Users\hiroki\Desktop\myShooting\Debug\MyGame.exe
  MyPG.vcxproj -> C:\Users\hiroki\Desktop\myShooting\Debug\MyGame.pdb (Partial PDB)
